生成启动时间为 2013/10/21 17:19:33。
     1>项目“F:\C++\EAP_H3C_Auth\MFC_Auth_GUI\MFC_Auth_GUI.vcxproj”在节点 4 上(build 个目标)。
     1>InitializeBuildStatus:
         正在创建“Debug\MFC_Auth_GUI.unsuccessfulbuild”，因为已指定“AlwaysCreate”。
       ClCompile:
         D:\Program Files\Microsoft Visual Studio 10.0\VC\bin\CL.exe /c /ZI /nologo /W3 /WX- /Od /Oy- /D WIN32 /D _WINDOWS /D _DEBUG /D _UNICODE /D UNICODE /D _AFXDLL /Gm /EHsc /RTC1 /MDd /GS /fp:precise /Zc:wchar_t /Zc:forScope /Yc"StdAfx.h" /Fp"Debug\MFC_Auth_GUI.pch" /Fo"Debug\\" /Fd"Debug\vc100.pdb" /Gd /TP /analyze- /errorReport:prompt stdafx.cpp
         stdafx.cpp
         D:\Program Files\Microsoft Visual Studio 10.0\VC\bin\CL.exe /c /ZI /nologo /W3 /WX- /Od /Oy- /D WIN32 /D _WINDOWS /D _DEBUG /D _UNICODE /D UNICODE /D _AFXDLL /Gm /EHsc /RTC1 /MDd /GS /fp:precise /Zc:wchar_t /Zc:forScope /Yu"StdAfx.h" /Fp"Debug\MFC_Auth_GUI.pch" /Fo"Debug\\" /Fd"Debug\vc100.pdb" /Gd /TP /analyze- /errorReport:prompt MFC_Auth_GUI.cpp MFC_Auth_GUIDlg.cpp
         MFC_Auth_GUIDlg.cpp
         MFC_Auth_GUI.cpp
         正在生成代码...
       ResourceCompile:
         C:\Program Files\Microsoft SDKs\Windows\v7.0A\bin\rc.exe /D _DEBUG /D _UNICODE /D UNICODE /D _AFXDLL /l"0x0804" /IDebug\ /nologo /fo"Debug\MFC_Auth_GUI.res" MFC_Auth_GUI.rc 
       ManifestResourceCompile:
         C:\Program Files\Microsoft SDKs\Windows\v7.0A\bin\rc.exe /nologo /fo"Debug\MFC_Auth_GUI.exe.embed.manifest.res" Debug\MFC_Auth_GUI_manifest.rc 
       Link:
         D:\Program Files\Microsoft Visual Studio 10.0\VC\bin\link.exe /ERRORREPORT:PROMPT /OUT:"F:\C++\EAP_H3C_Auth\Debug\MFC_Auth_GUI.exe" /INCREMENTAL /NOLOGO /MANIFEST /ManifestFile:"Debug\MFC_Auth_GUI.exe.intermediate.manifest" /MANIFESTUAC:"level='asInvoker' uiAccess='false'" /DEBUG /PDB:"F:\C++\EAP_H3C_Auth\Debug\MFC_Auth_GUI.pdb" /SUBSYSTEM:WINDOWS /TLBID:1 /ENTRY:"wWinMainCRTStartup" /DYNAMICBASE /NXCOMPAT /IMPLIB:"F:\C++\EAP_H3C_Auth\Debug\MFC_Auth_GUI.lib" /MACHINE:X86 Debug\MFC_Auth_GUI.res
         Debug\MFC_Auth_GUI.exe.embed.manifest.res
         Debug\MFC_Auth_GUI.obj
         Debug\MFC_Auth_GUIDlg.obj
         Debug\stdafx.obj
       Manifest:
         C:\Program Files\Microsoft SDKs\Windows\v7.0A\bin\mt.exe /nologo /verbose /out:"Debug\MFC_Auth_GUI.exe.embed.manifest" /manifest Debug\MFC_Auth_GUI.exe.intermediate.manifest "D:\Program Files\Microsoft Visual Studio 10.0\VC\Include\Manifest\dpiaware.manifest"
         C:\Program Files\Microsoft SDKs\Windows\v7.0A\bin\rc.exe /nologo /fo"Debug\MFC_Auth_GUI.exe.embed.manifest.res" Debug\MFC_Auth_GUI_manifest.rc 
       LinkEmbedManifest:
         D:\Program Files\Microsoft Visual Studio 10.0\VC\bin\link.exe /ERRORREPORT:PROMPT /OUT:"F:\C++\EAP_H3C_Auth\Debug\MFC_Auth_GUI.exe" /INCREMENTAL /NOLOGO /MANIFEST /ManifestFile:"Debug\MFC_Auth_GUI.exe.intermediate.manifest" /MANIFESTUAC:"level='asInvoker' uiAccess='false'" /DEBUG /PDB:"F:\C++\EAP_H3C_Auth\Debug\MFC_Auth_GUI.pdb" /SUBSYSTEM:WINDOWS /TLBID:1 /ENTRY:"wWinMainCRTStartup" /DYNAMICBASE /NXCOMPAT /IMPLIB:"F:\C++\EAP_H3C_Auth\Debug\MFC_Auth_GUI.lib" /MACHINE:X86 Debug\MFC_Auth_GUI.res
         Debug\MFC_Auth_GUI.exe.embed.manifest.res
         Debug\MFC_Auth_GUI.obj
         Debug\MFC_Auth_GUIDlg.obj
         Debug\stdafx.obj
         MFC_Auth_GUI.vcxproj -> F:\C++\EAP_H3C_Auth\Debug\MFC_Auth_GUI.exe
       FinalizeBuildStatus:
         正在删除文件“Debug\MFC_Auth_GUI.unsuccessfulbuild”。
         正在对“Debug\MFC_Auth_GUI.lastbuildstate”执行 Touch 任务。
     1>已完成生成项目“F:\C++\EAP_H3C_Auth\MFC_Auth_GUI\MFC_Auth_GUI.vcxproj”(build 个目标)的操作。

生成成功。

已用时间 00:00:49.09
