F:\C++\EAP_H3C_AUTH\DEBUG\EAP_H3C_AUTH.EXE
F:\C++\EAP_H3C_AUTH\DEBUG\EAP_H3C_AUTH.ILK
F:\C++\EAP_H3C_AUTH\DEBUG\EAP_H3C_AUTH.PDB
F:\C++\EAP_H3C_AUTH\EAP_H3C_AUTH\DEBUG\AUTH.OBJ
F:\C++\EAP_H3C_Auth\EAP_H3C_Auth\Debug\cl.command.1.tlog
F:\C++\EAP_H3C_Auth\EAP_H3C_Auth\Debug\CL.read.1.tlog
F:\C++\EAP_H3C_Auth\EAP_H3C_Auth\Debug\CL.write.1.tlog
F:\C++\EAP_H3C_AUTH\EAP_H3C_AUTH\DEBUG\EAP_H3C_AUTH.EXE.INTERMEDIATE.MANIFEST
F:\C++\EAP_H3C_Auth\EAP_H3C_Auth\Debug\EAP_H3C_Auth.vcxprojResolveAssemblyReference.cache
F:\C++\EAP_H3C_Auth\EAP_H3C_Auth\Debug\EAP_H3C_Auth.write.1.tlog
F:\C++\EAP_H3C_AUTH\EAP_H3C_AUTH\DEBUG\IP.OBJ
F:\C++\EAP_H3C_Auth\EAP_H3C_Auth\Debug\link.command.1.tlog
F:\C++\EAP_H3C_Auth\EAP_H3C_Auth\Debug\link.read.1.tlog
F:\C++\EAP_H3C_Auth\EAP_H3C_Auth\Debug\link.write.1.tlog
F:\C++\EAP_H3C_AUTH\EAP_H3C_AUTH\DEBUG\MAIN.OBJ
F:\C++\EAP_H3C_Auth\EAP_H3C_Auth\Debug\mt.command.1.tlog
F:\C++\EAP_H3C_Auth\EAP_H3C_Auth\Debug\mt.read.1.tlog
F:\C++\EAP_H3C_Auth\EAP_H3C_Auth\Debug\mt.write.1.tlog
F:\C++\EAP_H3C_Auth\EAP_H3C_Auth\Debug\vc100.idb
F:\C++\EAP_H3C_AUTH\EAP_H3C_AUTH\DEBUG\VC100.PDB
