生成启动时间为 2015/3/31 18:19:52。
     1>项目“D:\C++\EAP_H3C_Auth\EAP_H3C_Auth\EAP_H3C_Auth.vcxproj”在节点 2 上(Build 个目标)。
     1>ClCompile:
         E:\Program Files (x86)\Microsoft Visual Stuio 12.0\VC\bin\CL.exe /c /ZI /nologo /W3 /WX- /Od /Oy- /D _MBCS /Gm /EHsc /RTC1 /MDd /GS /fp:precise /Zc:wchar_t /Zc:forScope /Fo"Debug\\" /Fd"Debug\vc120.pdb" /Gd /TP /analyze- /errorReport:prompt Auth.cpp
         Auth.cpp
     1>d:\c++\eap_h3c_auth\eap_h3c_auth\auth.cpp(143): warning C4996: 'sprintf': This function or variable may be unsafe. Consider using sprintf_s instead. To disable deprecation, use _CRT_SECURE_NO_WARNINGS. See online help for details.
                 e:\program files (x86)\microsoft visual stuio 12.0\vc\include\stdio.h(356) : 参见“sprintf”的声明
     1>d:\c++\eap_h3c_auth\eap_h3c_auth\auth.cpp(219): warning C4996: 'sprintf': This function or variable may be unsafe. Consider using sprintf_s instead. To disable deprecation, use _CRT_SECURE_NO_WARNINGS. See online help for details.
                 e:\program files (x86)\microsoft visual stuio 12.0\vc\include\stdio.h(356) : 参见“sprintf”的声明
     1>d:\c++\eap_h3c_auth\eap_h3c_auth\auth.cpp(316): warning C4996: 'fopen': This function or variable may be unsafe. Consider using fopen_s instead. To disable deprecation, use _CRT_SECURE_NO_WARNINGS. See online help for details.
                 e:\program files (x86)\microsoft visual stuio 12.0\vc\include\stdio.h(211) : 参见“fopen”的声明
     1>d:\c++\eap_h3c_auth\eap_h3c_auth\auth.cpp(394): warning C4996: 'strcpy': This function or variable may be unsafe. Consider using strcpy_s instead. To disable deprecation, use _CRT_SECURE_NO_WARNINGS. See online help for details.
                 e:\program files (x86)\microsoft visual stuio 12.0\vc\include\string.h(112) : 参见“strcpy”的声明
     1>d:\c++\eap_h3c_auth\eap_h3c_auth\auth.cpp(414): warning C4018: “<”: 有符号/无符号不匹配
     1>d:\c++\eap_h3c_auth\eap_h3c_auth\auth.cpp(441): warning C4996: 'strcpy': This function or variable may be unsafe. Consider using strcpy_s instead. To disable deprecation, use _CRT_SECURE_NO_WARNINGS. See online help for details.
                 e:\program files (x86)\microsoft visual stuio 12.0\vc\include\string.h(112) : 参见“strcpy”的声明
     1>d:\c++\eap_h3c_auth\eap_h3c_auth\auth.cpp(481): warning C4172: 返回局部变量或临时变量的地址
     1>d:\c++\eap_h3c_auth\eap_h3c_auth\auth.cpp(664): warning C4018: “<”: 有符号/无符号不匹配
     1>d:\c++\eap_h3c_auth\eap_h3c_auth\auth.cpp(690): warning C4101: “fcode”: 未引用的局部变量
     1>d:\c++\eap_h3c_auth\eap_h3c_auth\auth.cpp(689): warning C4101: “FilterStr”: 未引用的局部变量
     1>d:\c++\eap_h3c_auth\eap_h3c_auth\auth.cpp(743): warning C4996: 'sprintf': This function or variable may be unsafe. Consider using sprintf_s instead. To disable deprecation, use _CRT_SECURE_NO_WARNINGS. See online help for details.
                 e:\program files (x86)\microsoft visual stuio 12.0\vc\include\stdio.h(356) : 参见“sprintf”的声明
     1>d:\c++\eap_h3c_auth\eap_h3c_auth\auth.cpp(938): warning C4996: 'scanf': This function or variable may be unsafe. Consider using scanf_s instead. To disable deprecation, use _CRT_SECURE_NO_WARNINGS. See online help for details.
                 e:\program files (x86)\microsoft visual stuio 12.0\vc\include\stdio.h(283) : 参见“scanf”的声明
     1>d:\c++\eap_h3c_auth\eap_h3c_auth\auth.cpp(940): warning C4996: 'scanf': This function or variable may be unsafe. Consider using scanf_s instead. To disable deprecation, use _CRT_SECURE_NO_WARNINGS. See online help for details.
                 e:\program files (x86)\microsoft visual stuio 12.0\vc\include\stdio.h(283) : 参见“scanf”的声明
     1>d:\c++\eap_h3c_auth\eap_h3c_auth\auth.cpp(935): warning C4101: “dName”: 未引用的局部变量
       Link:
         E:\Program Files (x86)\Microsoft Visual Stuio 12.0\VC\bin\link.exe /ERRORREPORT:PROMPT /OUT:"D:\C++\EAP_H3C_Auth\Debug\EAP_H3C_Auth.exe" /INCREMENTAL /NOLOGO wpcap.lib Packet.lib kernel32.lib user32.lib gdi32.lib winspool.lib comdlg32.lib advapi32.lib shell32.lib ole32.lib oleaut32.lib uuid.lib odbc32.lib odbccp32.lib /MANIFEST /MANIFESTUAC:"level='asInvoker' uiAccess='false'" /manifest:embed /DEBUG /PDB:"D:\C++\EAP_H3C_Auth\Debug\EAP_H3C_Auth.pdb" /TLBID:1 /DYNAMICBASE /NXCOMPAT /IMPLIB:"D:\C++\EAP_H3C_Auth\Debug\EAP_H3C_Auth.lib" /MACHINE:X86 Debug\MainForm.res
         Debug\Auth.obj
         Debug\ip.obj
         Lib\wpcap.lib
         EAP_H3C_Auth.vcxproj -> D:\C++\EAP_H3C_Auth\Debug\EAP_H3C_Auth.exe
     1>已完成生成项目“D:\C++\EAP_H3C_Auth\EAP_H3C_Auth\EAP_H3C_Auth.vcxproj”(Build 个目标)的操作。

生成成功。

已用时间 00:00:05.10
