F:\C++\EAP_H3C_Auth\EAP_H3C_AUTH_CPPGUI\Release\cl.command.1.tlog
F:\C++\EAP_H3C_Auth\EAP_H3C_AUTH_CPPGUI\Release\CL.read.1.tlog
F:\C++\EAP_H3C_Auth\EAP_H3C_AUTH_CPPGUI\Release\CL.write.1.tlog
F:\C++\EAP_H3C_AUTH\EAP_H3C_AUTH_CPPGUI\RELEASE\COMBONETDEV.OBJ
F:\C++\EAP_H3C_AUTH\EAP_H3C_AUTH_CPPGUI\RELEASE\EAP_H3C_AUTH_CPPGUI.EXE.INTERMEDIATE.MANIFEST
F:\C++\EAP_H3C_Auth\EAP_H3C_AUTH_CPPGUI\Release\EAP_H3C_AUTH_CPPGUI.vcxprojResolveAssemblyReference.cache
F:\C++\EAP_H3C_Auth\EAP_H3C_AUTH_CPPGUI\Release\EAP_H3C_AUTH_CPPGUI.write.1.tlog
F:\C++\EAP_H3C_Auth\EAP_H3C_AUTH_CPPGUI\Release\link.command.1.tlog
F:\C++\EAP_H3C_Auth\EAP_H3C_AUTH_CPPGUI\Release\link.read.1.tlog
F:\C++\EAP_H3C_Auth\EAP_H3C_AUTH_CPPGUI\Release\link.write.1.tlog
F:\C++\EAP_H3C_Auth\EAP_H3C_AUTH_CPPGUI\Release\link-cvtres.read.1.tlog
F:\C++\EAP_H3C_Auth\EAP_H3C_AUTH_CPPGUI\Release\link-cvtres.write.1.tlog
F:\C++\EAP_H3C_AUTH\EAP_H3C_AUTH_CPPGUI\RELEASE\MAIN.OBJ
F:\C++\EAP_H3C_Auth\EAP_H3C_AUTH_CPPGUI\Release\mt.command.1.tlog
F:\C++\EAP_H3C_Auth\EAP_H3C_AUTH_CPPGUI\Release\mt.read.1.tlog
F:\C++\EAP_H3C_Auth\EAP_H3C_AUTH_CPPGUI\Release\mt.write.1.tlog
F:\C++\EAP_H3C_Auth\EAP_H3C_AUTH_CPPGUI\Release\rc.command.1.tlog
F:\C++\EAP_H3C_Auth\EAP_H3C_AUTH_CPPGUI\Release\rc.read.1.tlog
F:\C++\EAP_H3C_Auth\EAP_H3C_AUTH_CPPGUI\Release\rc.write.1.tlog
F:\C++\EAP_H3C_AUTH\EAP_H3C_AUTH_CPPGUI\RELEASE\RES.RES
F:\C++\EAP_H3C_AUTH\EAP_H3C_AUTH_CPPGUI\RELEASE\VC100.PDB
F:\C++\EAP_H3C_AUTH\RELEASE\EAP_H3C_AUTH_CPPGUI.EXE
F:\C++\EAP_H3C_AUTH\RELEASE\EAP_H3C_AUTH_CPPGUI.PDB
